2020-06-03 02:25:32,404[line:2] - INFO: --------------------------------------------------------------
2020-06-03 02:25:32,406[line:4] - INFO: Network loading, learningRate: 0.003, BatchSize: 16, trainNum: 300, experimentTimes: 0
2020-06-03 02:25:35,487[line:13] - INFO: Network have been established.
2020-06-03 02:26:01,651[line:3] - INFO: 0: (train) acc:12.5%, loss:2.0523791313171387
2020-06-03 02:30:17,974[line:3] - INFO: 10: (train) acc:6.25%, loss:2.385174036026001
2020-06-03 02:34:31,143[line:3] - INFO: 20: (train) acc:31.25%, loss:1.803022861480713
2020-06-03 02:38:19,886[line:36] - INFO: Evaluating!
2020-06-03 02:38:45,349[line:19] - INFO: Evaluationg, 16/35
2020-06-03 02:39:11,193[line:19] - INFO: Evaluationg, 32/35
2020-06-03 02:39:37,236[line:19] - INFO: Evaluationg, 48/35
2020-06-03 02:39:37,239[line:3] - INFO: 29: (eval) acc:35.41666666666667%, loss:0.0906058003505071
2020-06-03 02:40:03,494[line:3] - INFO: 30: (train) acc:50.0%, loss:1.2144471406936646
2020-06-03 02:44:17,572[line:3] - INFO: 40: (train) acc:18.75%, loss:1.2966936826705933
2020-06-03 02:48:29,636[line:3] - INFO: 50: (train) acc:43.75%, loss:1.2526885271072388
2020-06-03 02:52:18,973[line:36] - INFO: Evaluating!
2020-06-03 02:52:43,025[line:19] - INFO: Evaluationg, 16/35
2020-06-03 02:53:07,991[line:19] - INFO: Evaluationg, 32/35
2020-06-03 02:53:07,993[line:3] - INFO: 59: (eval) acc:53.125%, loss:0.08113265410065651
2020-06-03 02:53:34,830[line:3] - INFO: 60: (train) acc:43.75%, loss:1.2027792930603027
2020-06-03 02:57:49,942[line:3] - INFO: 70: (train) acc:62.5%, loss:0.8268555402755737
2020-06-03 03:02:07,044[line:3] - INFO: 80: (train) acc:81.25%, loss:0.6338315010070801
2020-06-03 03:05:54,863[line:36] - INFO: Evaluating!
2020-06-03 03:06:20,788[line:19] - INFO: Evaluationg, 16/35
2020-06-03 03:06:46,718[line:19] - INFO: Evaluationg, 32/35
2020-06-03 03:06:46,720[line:3] - INFO: 89: (eval) acc:37.5%, loss:0.1343434378504753
2020-06-03 03:07:12,839[line:3] - INFO: 90: (train) acc:68.75%, loss:0.5431166291236877
2020-06-03 03:10:51,180[line:50] - INFO: 99: model ./model/net_16_0.003_0.pth have been saved!
2020-06-03 03:11:17,236[line:3] - INFO: 100: (train) acc:87.5%, loss:0.43232107162475586
2020-06-03 03:15:17,640[line:3] - INFO: 110: (train) acc:81.25%, loss:0.32081446051597595
2020-06-03 03:19:05,517[line:36] - INFO: Evaluating!
2020-06-03 03:19:29,864[line:19] - INFO: Evaluationg, 16/35
2020-06-03 03:19:55,421[line:19] - INFO: Evaluationg, 32/35
2020-06-03 03:19:55,424[line:3] - INFO: 119: (eval) acc:53.125%, loss:0.13140042126178741
2020-06-03 03:20:22,497[line:3] - INFO: 120: (train) acc:93.75%, loss:0.2556716799736023
2020-06-03 03:24:33,023[line:3] - INFO: 130: (train) acc:93.75%, loss:0.10736072063446045
2020-06-03 03:28:43,092[line:3] - INFO: 140: (train) acc:100.0%, loss:0.07246856391429901
2020-06-03 03:32:25,250[line:36] - INFO: Evaluating!
2020-06-03 03:32:49,813[line:19] - INFO: Evaluationg, 16/35
2020-06-03 03:33:15,256[line:19] - INFO: Evaluationg, 32/35
2020-06-03 03:33:15,258[line:3] - INFO: 149: (eval) acc:40.625%, loss:0.14753271639347076
2020-06-03 03:33:41,507[line:3] - INFO: 150: (train) acc:93.75%, loss:0.10349825024604797
2020-06-03 03:37:51,653[line:3] - INFO: 160: (train) acc:100.0%, loss:0.087307870388031
2020-06-03 03:41:57,533[line:3] - INFO: 170: (train) acc:93.75%, loss:0.19783063232898712
2020-06-03 03:45:45,412[line:36] - INFO: Evaluating!
2020-06-03 03:46:10,360[line:19] - INFO: Evaluationg, 16/35
2020-06-03 03:46:34,587[line:19] - INFO: Evaluationg, 32/35
2020-06-03 03:46:34,589[line:3] - INFO: 179: (eval) acc:59.375%, loss:0.13331228494644165
2020-06-03 03:47:01,149[line:3] - INFO: 180: (train) acc:93.75%, loss:0.09396597743034363
2020-06-03 03:51:11,108[line:3] - INFO: 190: (train) acc:81.25%, loss:0.18462485074996948
2020-06-03 03:54:58,401[line:50] - INFO: 199: model ./model/net_16_0.003_0.pth have been saved!
2020-06-03 03:55:25,663[line:3] - INFO: 200: (train) acc:93.75%, loss:0.41697701811790466
2020-06-03 03:59:10,908[line:36] - INFO: Evaluating!
2020-06-03 03:59:36,539[line:19] - INFO: Evaluationg, 16/35
2020-06-03 04:00:02,050[line:19] - INFO: Evaluationg, 32/35
2020-06-03 04:00:02,053[line:3] - INFO: 209: (eval) acc:59.375%, loss:0.1255747526884079
2020-06-03 04:00:28,894[line:3] - INFO: 210: (train) acc:87.5%, loss:0.23644733428955078
2020-06-03 04:04:39,372[line:3] - INFO: 220: (train) acc:100.0%, loss:0.011492371559143066
2020-06-03 04:08:48,441[line:3] - INFO: 230: (train) acc:100.0%, loss:0.043216198682785034
2020-06-03 04:12:36,389[line:36] - INFO: Evaluating!
2020-06-03 04:13:02,309[line:19] - INFO: Evaluationg, 16/35
2020-06-03 04:13:28,104[line:19] - INFO: Evaluationg, 32/35
2020-06-03 04:13:28,106[line:3] - INFO: 239: (eval) acc:59.375%, loss:0.16131767258048058
2020-06-03 04:13:53,461[line:3] - INFO: 240: (train) acc:100.0%, loss:0.004466652870178223
2020-06-03 04:17:58,462[line:3] - INFO: 250: (train) acc:93.75%, loss:0.09134721755981445
2020-06-03 04:22:03,494[line:3] - INFO: 260: (train) acc:100.0%, loss:0.021943002939224243
2020-06-03 04:25:49,195[line:36] - INFO: Evaluating!
2020-06-03 04:26:13,450[line:19] - INFO: Evaluationg, 16/35
2020-06-03 04:26:39,514[line:19] - INFO: Evaluationg, 32/35
2020-06-03 04:26:39,516[line:3] - INFO: 269: (eval) acc:37.5%, loss:0.21398834139108658
2020-06-03 04:26:39,518[line:42] - WARNING: Early stopping!
