2020-06-03 07:33:45,194[line:2] - INFO: --------------------------------------------------------------
2020-06-03 07:33:45,197[line:4] - INFO: Network loading, learningRate: 0.001, BatchSize: 16, trainNum: 300, experimentTimes: 0
2020-06-03 07:33:48,417[line:13] - INFO: Network have been established.
2020-06-03 07:34:12,632[line:3] - INFO: 0: (train) acc:37.5%, loss:1.9421426057815552
2020-06-03 07:38:25,607[line:3] - INFO: 10: (train) acc:12.5%, loss:1.766762375831604
2020-06-03 07:42:40,392[line:3] - INFO: 20: (train) acc:43.75%, loss:1.3330447673797607
2020-06-03 07:46:29,644[line:36] - INFO: Evaluating!
2020-06-03 07:46:55,612[line:19] - INFO: Evaluationg, 16/35
2020-06-03 07:47:20,909[line:19] - INFO: Evaluationg, 32/35
2020-06-03 07:47:45,967[line:19] - INFO: Evaluationg, 48/35
2020-06-03 07:47:45,970[line:3] - INFO: 29: (eval) acc:50.0%, loss:0.08078428109486897
2020-06-03 07:48:11,719[line:3] - INFO: 30: (train) acc:43.75%, loss:1.1964024305343628
2020-06-03 07:52:29,692[line:3] - INFO: 40: (train) acc:43.75%, loss:1.1947665214538574
2020-06-03 07:56:44,079[line:3] - INFO: 50: (train) acc:75.0%, loss:0.6523397564888
2020-06-03 08:00:32,939[line:36] - INFO: Evaluating!
2020-06-03 08:00:57,832[line:19] - INFO: Evaluationg, 16/35
2020-06-03 08:01:23,500[line:19] - INFO: Evaluationg, 32/35
2020-06-03 08:01:23,503[line:3] - INFO: 59: (eval) acc:40.625%, loss:0.09377199411392212
2020-06-03 08:01:51,235[line:3] - INFO: 60: (train) acc:87.5%, loss:0.39807745814323425
2020-06-03 08:06:09,149[line:3] - INFO: 70: (train) acc:87.5%, loss:0.28070202469825745
2020-06-03 08:10:23,310[line:3] - INFO: 80: (train) acc:62.5%, loss:1.067874550819397
2020-06-03 08:14:15,810[line:36] - INFO: Evaluating!
2020-06-03 08:14:41,672[line:19] - INFO: Evaluationg, 16/35
2020-06-03 08:15:08,121[line:19] - INFO: Evaluationg, 32/35
2020-06-03 08:15:08,123[line:3] - INFO: 89: (eval) acc:59.375%, loss:0.07827043533325195
2020-06-03 08:15:33,830[line:3] - INFO: 90: (train) acc:100.0%, loss:0.23346292972564697
2020-06-03 08:19:24,113[line:50] - INFO: 99: model ./model/net_16_0.001_0.pth have been saved!
2020-06-03 08:19:50,923[line:3] - INFO: 100: (train) acc:93.75%, loss:0.26940375566482544
2020-06-03 08:24:07,104[line:3] - INFO: 110: (train) acc:100.0%, loss:0.07961004972457886
2020-06-03 08:27:51,851[line:36] - INFO: Evaluating!
2020-06-03 08:28:17,876[line:19] - INFO: Evaluationg, 16/35
2020-06-03 08:28:43,058[line:19] - INFO: Evaluationg, 32/35
2020-06-03 08:28:43,060[line:3] - INFO: 119: (eval) acc:53.125%, loss:0.0966915637254715
2020-06-03 08:29:10,407[line:3] - INFO: 120: (train) acc:100.0%, loss:0.10977765917778015
2020-06-03 08:33:32,016[line:3] - INFO: 130: (train) acc:87.5%, loss:0.12561631202697754
2020-06-03 08:37:47,506[line:3] - INFO: 140: (train) acc:100.0%, loss:0.015109926462173462
2020-06-03 08:41:36,034[line:36] - INFO: Evaluating!
2020-06-03 08:42:00,463[line:19] - INFO: Evaluationg, 16/35
2020-06-03 08:42:25,819[line:19] - INFO: Evaluationg, 32/35
2020-06-03 08:42:25,821[line:3] - INFO: 149: (eval) acc:62.5%, loss:0.0751275010406971
2020-06-03 08:42:53,972[line:3] - INFO: 150: (train) acc:100.0%, loss:0.022717833518981934
2020-06-03 08:47:13,671[line:3] - INFO: 160: (train) acc:100.0%, loss:0.020055115222930908
2020-06-03 08:51:32,771[line:3] - INFO: 170: (train) acc:100.0%, loss:0.03452569246292114
2020-06-03 08:55:24,677[line:36] - INFO: Evaluating!
2020-06-03 08:55:50,062[line:19] - INFO: Evaluationg, 16/35
2020-06-03 08:56:16,186[line:19] - INFO: Evaluationg, 32/35
2020-06-03 08:56:16,188[line:3] - INFO: 179: (eval) acc:43.75%, loss:0.15802104771137238
2020-06-03 08:56:42,759[line:3] - INFO: 180: (train) acc:87.5%, loss:0.2007913589477539
2020-06-03 09:00:53,289[line:3] - INFO: 190: (train) acc:100.0%, loss:0.0035843849182128906
2020-06-03 09:04:40,155[line:50] - INFO: 199: model ./model/net_16_0.001_0.pth have been saved!
2020-06-03 09:05:08,169[line:3] - INFO: 200: (train) acc:100.0%, loss:0.0024632811546325684
2020-06-03 09:08:58,923[line:36] - INFO: Evaluating!
2020-06-03 09:09:24,710[line:19] - INFO: Evaluationg, 16/35
2020-06-03 09:09:50,980[line:19] - INFO: Evaluationg, 32/35
2020-06-03 09:09:50,983[line:3] - INFO: 209: (eval) acc:65.625%, loss:0.07834306359291077
2020-06-03 09:10:17,436[line:3] - INFO: 210: (train) acc:93.75%, loss:0.1519067883491516
2020-06-03 09:14:33,653[line:3] - INFO: 220: (train) acc:100.0%, loss:0.05576637387275696
2020-06-03 09:18:57,637[line:3] - INFO: 230: (train) acc:100.0%, loss:0.01056516170501709
2020-06-03 09:22:57,326[line:36] - INFO: Evaluating!
2020-06-03 09:23:22,806[line:19] - INFO: Evaluationg, 16/35
2020-06-03 09:23:48,364[line:19] - INFO: Evaluationg, 32/35
2020-06-03 09:23:48,366[line:3] - INFO: 239: (eval) acc:59.375%, loss:0.11594442650675774
2020-06-03 09:24:15,025[line:3] - INFO: 240: (train) acc:93.75%, loss:0.06408241391181946
2020-06-03 09:28:42,512[line:3] - INFO: 250: (train) acc:100.0%, loss:0.004602551460266113
2020-06-03 09:33:05,950[line:3] - INFO: 260: (train) acc:100.0%, loss:0.07994222640991211
2020-06-03 09:37:06,679[line:36] - INFO: Evaluating!
2020-06-03 09:37:32,635[line:19] - INFO: Evaluationg, 16/35
2020-06-03 09:37:58,696[line:19] - INFO: Evaluationg, 32/35
2020-06-03 09:37:58,698[line:3] - INFO: 269: (eval) acc:56.25%, loss:0.11446645110845566
2020-06-03 09:38:24,990[line:3] - INFO: 270: (train) acc:87.5%, loss:0.2022193968296051
2020-06-03 09:42:53,944[line:3] - INFO: 280: (train) acc:100.0%, loss:0.04198580980300903
2020-06-03 09:47:19,368[line:3] - INFO: 290: (train) acc:100.0%, loss:0.004161626100540161
2020-06-03 09:51:20,895[line:36] - INFO: Evaluating!
2020-06-03 09:51:47,068[line:19] - INFO: Evaluationg, 16/35
2020-06-03 09:52:13,905[line:19] - INFO: Evaluationg, 32/35
2020-06-03 09:52:13,907[line:3] - INFO: 299: (eval) acc:59.375%, loss:0.1258106455206871
2020-06-03 09:52:13,910[line:50] - INFO: 299: model ./model/net_16_0.001_0.pth have been saved!
2020-06-03 09:52:14,412[line:57] - INFO: 300: model ./model/net_16_0.001_0.pth have been saved!
2020-06-03 09:52:14,650[line:2] - INFO: --------------------------------------------------------------
2020-06-03 09:52:14,652[line:4] - INFO: Network loading, learningRate: 0.0003, BatchSize: 16, trainNum: 300, experimentTimes: 0
2020-06-03 09:52:14,915[line:13] - INFO: Network have been established.
2020-06-03 09:52:42,967[line:3] - INFO: 0: (train) acc:12.5%, loss:1.9719579219818115
2020-06-03 09:57:11,126[line:3] - INFO: 10: (train) acc:25.0%, loss:1.9209047555923462
2020-06-03 10:01:37,970[line:3] - INFO: 20: (train) acc:37.5%, loss:1.6550334692001343
2020-06-03 10:05:37,486[line:36] - INFO: Evaluating!
2020-06-03 10:06:03,710[line:19] - INFO: Evaluationg, 16/35
2020-06-03 10:06:30,192[line:19] - INFO: Evaluationg, 32/35
2020-06-03 10:06:30,195[line:3] - INFO: 29: (eval) acc:40.625%, loss:0.08638553693890572
2020-06-03 10:06:57,285[line:3] - INFO: 30: (train) acc:56.25%, loss:1.269923448562622
2020-06-03 10:11:23,885[line:3] - INFO: 40: (train) acc:43.75%, loss:1.2929675579071045
2020-06-03 10:15:49,543[line:3] - INFO: 50: (train) acc:50.0%, loss:1.1133986711502075
2020-06-03 10:19:46,256[line:36] - INFO: Evaluating!
2020-06-03 10:20:13,910[line:19] - INFO: Evaluationg, 16/35
2020-06-03 10:20:40,311[line:19] - INFO: Evaluationg, 32/35
2020-06-03 10:20:40,313[line:3] - INFO: 59: (eval) acc:46.875%, loss:0.089480672031641
2020-06-03 10:21:07,588[line:3] - INFO: 60: (train) acc:87.5%, loss:0.626448392868042
2020-06-03 10:25:36,056[line:3] - INFO: 70: (train) acc:87.5%, loss:0.591903567314148
2020-06-03 10:30:03,690[line:3] - INFO: 80: (train) acc:93.75%, loss:0.39465659856796265
2020-06-03 10:34:00,077[line:36] - INFO: Evaluating!
2020-06-03 10:34:26,723[line:19] - INFO: Evaluationg, 16/35
2020-06-03 10:34:53,981[line:19] - INFO: Evaluationg, 32/35
2020-06-03 10:34:53,983[line:3] - INFO: 89: (eval) acc:53.125%, loss:0.08869384974241257
2020-06-03 10:35:20,910[line:3] - INFO: 90: (train) acc:100.0%, loss:0.21544156968593597
2020-06-03 10:39:20,794[line:50] - INFO: 99: model ./model/net_16_0.0003_0.pth have been saved!
2020-06-03 10:39:49,827[line:3] - INFO: 100: (train) acc:75.0%, loss:0.4624037742614746
2020-06-03 10:44:11,143[line:3] - INFO: 110: (train) acc:100.0%, loss:0.1409369856119156
2020-06-03 10:48:11,473[line:36] - INFO: Evaluating!
2020-06-03 10:48:38,502[line:19] - INFO: Evaluationg, 16/35
2020-06-03 10:49:05,016[line:19] - INFO: Evaluationg, 32/35
2020-06-03 10:49:05,019[line:3] - INFO: 119: (eval) acc:68.75%, loss:0.0635585617274046
2020-06-03 10:49:32,522[line:3] - INFO: 120: (train) acc:100.0%, loss:0.0449809730052948
2020-06-03 10:53:58,988[line:3] - INFO: 130: (train) acc:100.0%, loss:0.021004393696784973
2020-06-03 10:58:21,670[line:3] - INFO: 140: (train) acc:100.0%, loss:0.007106751203536987
2020-06-03 11:02:21,085[line:36] - INFO: Evaluating!
2020-06-03 11:02:47,229[line:19] - INFO: Evaluationg, 16/35
2020-06-03 11:03:14,499[line:19] - INFO: Evaluationg, 32/35
2020-06-03 11:03:14,501[line:3] - INFO: 149: (eval) acc:65.625%, loss:0.08042985014617443
2020-06-03 11:03:41,265[line:3] - INFO: 150: (train) acc:100.0%, loss:0.04132892191410065
2020-06-03 11:08:05,125[line:3] - INFO: 160: (train) acc:100.0%, loss:0.017356038093566895
2020-06-03 11:12:32,373[line:3] - INFO: 170: (train) acc:100.0%, loss:0.010476529598236084
2020-06-03 11:16:31,116[line:36] - INFO: Evaluating!
2020-06-03 11:16:57,559[line:19] - INFO: Evaluationg, 16/35
2020-06-03 11:17:24,643[line:19] - INFO: Evaluationg, 32/35
2020-06-03 11:17:24,646[line:3] - INFO: 179: (eval) acc:68.75%, loss:0.10014962032437325
2020-06-03 11:17:52,206[line:3] - INFO: 180: (train) acc:100.0%, loss:0.002294778823852539
2020-06-03 11:22:21,879[line:3] - INFO: 190: (train) acc:100.0%, loss:0.0036720335483551025
2020-06-03 11:26:21,792[line:50] - INFO: 199: model ./model/net_16_0.0003_0.pth have been saved!
2020-06-03 11:26:49,798[line:3] - INFO: 200: (train) acc:100.0%, loss:0.002274245023727417
2020-06-03 11:30:49,331[line:36] - INFO: Evaluating!
2020-06-03 11:31:16,485[line:19] - INFO: Evaluationg, 16/35
2020-06-03 11:31:43,343[line:19] - INFO: Evaluationg, 32/35
2020-06-03 11:31:43,346[line:3] - INFO: 209: (eval) acc:50.0%, loss:0.12555580958724022
2020-06-03 11:32:10,775[line:3] - INFO: 210: (train) acc:100.0%, loss:0.0007801353931427002
2020-06-03 11:36:38,911[line:3] - INFO: 220: (train) acc:100.0%, loss:0.0015283823013305664
2020-06-03 11:41:04,079[line:3] - INFO: 230: (train) acc:100.0%, loss:0.0007572770118713379
2020-06-03 11:45:02,094[line:36] - INFO: Evaluating!
2020-06-03 11:45:28,603[line:19] - INFO: Evaluationg, 16/35
2020-06-03 11:45:54,455[line:19] - INFO: Evaluationg, 32/35
2020-06-03 11:45:54,459[line:3] - INFO: 239: (eval) acc:62.5%, loss:0.10243676230311394
2020-06-03 11:46:22,376[line:3] - INFO: 240: (train) acc:100.0%, loss:0.0006549954414367676
2020-06-03 11:50:45,102[line:3] - INFO: 250: (train) acc:100.0%, loss:0.0005526542663574219
2020-06-03 11:55:11,925[line:3] - INFO: 260: (train) acc:100.0%, loss:0.00042936205863952637
2020-06-03 11:59:13,619[line:36] - INFO: Evaluating!
2020-06-03 11:59:39,805[line:19] - INFO: Evaluationg, 16/35
2020-06-03 12:00:06,162[line:19] - INFO: Evaluationg, 32/35
2020-06-03 12:00:06,164[line:3] - INFO: 269: (eval) acc:68.75%, loss:0.09368520602583885
2020-06-03 12:00:33,465[line:3] - INFO: 270: (train) acc:100.0%, loss:0.0004367232322692871
2020-06-03 12:05:18,560[line:3] - INFO: 280: (train) acc:100.0%, loss:0.0007595419883728027
